{
  "RSpec": {
    "coverage": {
      "/Users/justinetroyke/turing/4mod/projects/quantified_self_rails/app/models/food.rb": [
        1,
        1,
        1,
        null
      ],
      "/Users/justinetroyke/turing/4mod/projects/quantified_self_rails/app/models/application_record.rb": [
        1,
        1,
        null
      ],
      "/Users/justinetroyke/turing/4mod/projects/quantified_self_rails/spec/requests/api/v1/foods/foods_request_spec.rb": [
        1,
        null,
        1,
        1,
        1,
        null,
        1,
        null,
        1,
        null,
        1,
        null,
        1,
        null,
        null,
        1,
        1,
        null,
        1,
        null,
        1,
        null,
        1,
        1,
        null,
        null,
        1,
        1,
        null,
        1,
        null,
        null,
        1,
        1,
        null,
        1,
        null,
        null,
        1,
        1,
        1,
        1,
        null,
        1,
        null,
        1,
        null,
        1,
        null,
        1,
        1,
        null,
        1,
        null,
        null,
        1,
        1,
        null,
        1,
        null,
        1,
        1,
        null,
        null,
        1,
        1,
        1,
        null,
        1,
        null,
        1,
        null,
        1,
        null,
        1,
        1,
        null,
        null
      ],
      "/Users/justinetroyke/turing/4mod/projects/quantified_self_rails/app/controllers/api/v1/foods_controller.rb": [
        1,
        null,
        1,
        1,
        null,
        null,
        1,
        3,
        null,
        2,
        null,
        null,
        1,
        4,
        4,
        3,
        null,
        1,
        null,
        null,
        null,
        1,
        1,
        null,
        null,
        1,
        1,
        5,
        null,
        null
      ],
      "/Users/justinetroyke/turing/4mod/projects/quantified_self_rails/app/controllers/application_controller.rb": [
        1,
        1,
        null
      ]
    },
    "timestamp": 1534294163
  }
}
